This file contains any messages produced by compilers while
running configure, to aid debugging if configure makes a mistake.

It was created by configure, which was
generated by GNU Autoconf 2.69.  Invocation command line was

  $ ./configure CFLAGS=-O2 --disable-option-checking --prefix=/usr/local --disable-all-components --enable-usrp --enable-gruel --with-boost-libdir=/usr/lib/x86_64-linux-gnu --cache-file=/dev/null --srcdir=. --host=mb

## --------- ##
## Platform. ##
## --------- ##

hostname = BUZZ-04
uname -m = x86_64
uname -r = 4.4.0-87-generic
uname -s = Linux
uname -v = #110-Ubuntu SMP Tue Jul 18 12:55:35 UTC 2017

/usr/bin/uname -p = unknown
/bin/uname -X     = unknown

/bin/arch              = unknown
/usr/bin/arch -k       = unknown
/usr/convex/getsysinfo = unknown
/usr/bin/hostinfo      = unknown
/bin/machine           = unknown
/usr/bin/oslevel       = unknown
/bin/universe          = unknown

PATH: /home/me/bin
PATH: /home/me/.local/bin
PATH: /usr/local/sbin
PATH: /usr/local/bin
PATH: /usr/sbin
PATH: /usr/bin
PATH: /sbin
PATH: /bin
PATH: /usr/games
PATH: /usr/local/games
PATH: /snap/bin


## ----------- ##
## Core tests. ##
## ----------- ##

configure:2123: checking for a BSD-compatible install
configure:2191: result: /usr/bin/install -c
configure:2202: checking whether build environment is sane
configure:2257: result: yes
configure:2316: checking for mb-strip
configure:2346: result: no
configure:2356: checking for strip
configure:2372: found /usr/bin/strip
configure:2383: result: strip
configure:2408: checking for a thread-safe mkdir -p
configure:2447: result: /bin/mkdir -p
configure:2454: checking for gawk
configure:2470: found /usr/bin/gawk
configure:2481: result: gawk
configure:2492: checking whether make sets $(MAKE)
configure:2514: result: yes
configure:2543: checking whether make supports nested variables
configure:2560: result: yes
configure:2722: result: Not building component usrp2.
configure:2821: checking for style of include used by make
configure:2849: result: GNU
configure:2880: checking for mb-gcc
configure:2910: result: no
configure:2920: checking for gcc
configure:2936: found /usr/bin/gcc
configure:2947: result: gcc
configure:3176: checking for C compiler version
configure:3185: gcc --version >&5
gcc (Ubuntu 5.4.0-6ubuntu1~16.04.9) 5.4.0 20160609
Copyright (C) 2015 Free Software Foundation, Inc.
This is free software; see the source for copying conditions.  There is NO
warranty; not even for MERCHANTABILITY or FITNESS FOR A PARTICULAR PURPOSE.

configure:3196: $? = 0
configure:3185: gcc -v >&5
Using built-in specs.
COLLECT_GCC=gcc
COLLECT_LTO_WRAPPER=/usr/lib/gcc/x86_64-linux-gnu/5/lto-wrapper
Target: x86_64-linux-gnu
Configured with: ../src/configure -v --with-pkgversion='Ubuntu 5.4.0-6ubuntu1~16.04.9' --with-bugurl=file:///usr/share/doc/gcc-5/README.Bugs --enable-languages=c,ada,c++,java,go,d,fortran,objc,obj-c++ --prefix=/usr --program-suffix=-5 --enable-shared --enable-linker-build-id --libexecdir=/usr/lib --without-included-gettext --enable-threads=posix --libdir=/usr/lib --enable-nls --with-sysroot=/ --enable-clocale=gnu --enable-libstdcxx-debug --enable-libstdcxx-time=yes --with-default-libstdcxx-abi=new --enable-gnu-unique-object --disable-vtable-verify --enable-libmpx --enable-plugin --with-system-zlib --disable-browser-plugin --enable-java-awt=gtk --enable-gtk-cairo --with-java-home=/usr/lib/jvm/java-1.5.0-gcj-5-amd64/jre --enable-java-home --with-jvm-root-dir=/usr/lib/jvm/java-1.5.0-gcj-5-amd64 --with-jvm-jar-dir=/usr/lib/jvm-exports/java-1.5.0-gcj-5-amd64 --with-arch-directory=amd64 --with-ecj-jar=/usr/share/java/eclipse-ecj.jar --enable-objc-gc --enable-multiarch --disable-werror --with-arch-32=i686 --with-abi=m64 --with-multilib-list=m32,m64,mx32 --enable-multilib --with-tune=generic --enable-checking=release --build=x86_64-linux-gnu --host=x86_64-linux-gnu --target=x86_64-linux-gnu
Thread model: posix
gcc version 5.4.0 20160609 (Ubuntu 5.4.0-6ubuntu1~16.04.9) 
configure:3196: $? = 0
configure:3185: gcc -V >&5
gcc: error: unrecognized command line option '-V'
gcc: fatal error: no input files
compilation terminated.
configure:3196: $? = 1
configure:3185: gcc -qversion >&5
gcc: error: unrecognized command line option '-qversion'
gcc: fatal error: no input files
compilation terminated.
configure:3196: $? = 1
configure:3216: checking whether the C compiler works
configure:3238: gcc -O2   conftest.c  >&5
configure:3242: $? = 0
configure:3290: result: yes
configure:3293: checking for C compiler default output file name
configure:3295: result: a.out
configure:3301: checking for suffix of executables
configure:3308: gcc -o conftest -O2   conftest.c  >&5
configure:3312: $? = 0
configure:3334: result: 
configure:3356: checking whether we are cross compiling
configure:3364: gcc -o conftest -O2   conftest.c  >&5
configure:3368: $? = 0
configure:3375: ./conftest
configure:3379: $? = 0
configure:3394: result: no
configure:3399: checking for suffix of object files
configure:3421: gcc -c -O2  conftest.c >&5
configure:3425: $? = 0
configure:3446: result: o
configure:3450: checking whether we are using the GNU C compiler
configure:3469: gcc -c -O2  conftest.c >&5
configure:3469: $? = 0
configure:3478: result: yes
configure:3487: checking whether gcc accepts -g
configure:3507: gcc -c -g  conftest.c >&5
configure:3507: $? = 0
configure:3548: result: yes
configure:3565: checking for gcc option to accept ISO C89
configure:3628: gcc  -c -O2  conftest.c >&5
configure:3628: $? = 0
configure:3641: result: none needed
configure:3666: checking whether gcc understands -c and -o together
configure:3688: gcc -c conftest.c -o conftest2.o
configure:3691: $? = 0
configure:3688: gcc -c conftest.c -o conftest2.o
configure:3691: $? = 0
configure:3703: result: yes
configure:3722: checking dependency style of gcc
configure:3833: result: gcc3
configure:3853: checking how to run the C preprocessor
configure:3884: gcc -E  conftest.c
configure:3884: $? = 0
configure:3898: gcc -E  conftest.c
conftest.c:11:28: fatal error: ac_nonexistent.h: No such file or directory
compilation terminated.
configure:3898: $? = 1
configure: failed program was:
| /* confdefs.h */
| #define PACKAGE_NAME ""
| #define PACKAGE_TARNAME ""
| #define PACKAGE_VERSION ""
| #define PACKAGE_STRING ""
| #define PACKAGE_BUGREPORT ""
| #define PACKAGE_URL ""
| #define PACKAGE "usrp2-firmware"
| #define VERSION "0.0svn"
| /* end confdefs.h.  */
| #include <ac_nonexistent.h>
configure:3923: result: gcc -E
configure:3943: gcc -E  conftest.c
configure:3943: $? = 0
configure:3957: gcc -E  conftest.c
conftest.c:11:28: fatal error: ac_nonexistent.h: No such file or directory
compilation terminated.
configure:3957: $? = 1
configure: failed program was:
| /* confdefs.h */
| #define PACKAGE_NAME ""
| #define PACKAGE_TARNAME ""
| #define PACKAGE_VERSION ""
| #define PACKAGE_STRING ""
| #define PACKAGE_BUGREPORT ""
| #define PACKAGE_URL ""
| #define PACKAGE "usrp2-firmware"
| #define VERSION "0.0svn"
| /* end confdefs.h.  */
| #include <ac_nonexistent.h>
configure:3994: checking dependency style of gcc
configure:4103: result: gcc3
configure:4121: checking for mb-ranlib
configure:4151: result: no
configure:4161: checking for ranlib
configure:4177: found /usr/bin/ranlib
configure:4188: result: ranlib
configure:4212: checking for grep that handles long lines and -e
configure:4270: result: /bin/grep
configure:4275: checking for egrep
configure:4337: result: /bin/grep -E
configure:4342: checking for ANSI C header files
configure:4362: gcc -c -O2  conftest.c >&5
configure:4362: $? = 0
configure:4435: gcc -o conftest -O2   conftest.c  >&5
configure:4435: $? = 0
configure:4435: ./conftest
configure:4435: $? = 0
configure:4446: result: yes
configure:4459: checking for sys/types.h
configure:4459: gcc -c -O2  conftest.c >&5
configure:4459: $? = 0
configure:4459: result: yes
configure:4459: checking for sys/stat.h
configure:4459: gcc -c -O2  conftest.c >&5
configure:4459: $? = 0
configure:4459: result: yes
configure:4459: checking for stdlib.h
configure:4459: gcc -c -O2  conftest.c >&5
configure:4459: $? = 0
configure:4459: result: yes
configure:4459: checking for string.h
configure:4459: gcc -c -O2  conftest.c >&5
configure:4459: $? = 0
configure:4459: result: yes
configure:4459: checking for memory.h
configure:4459: gcc -c -O2  conftest.c >&5
configure:4459: $? = 0
configure:4459: result: yes
configure:4459: checking for strings.h
configure:4459: gcc -c -O2  conftest.c >&5
configure:4459: $? = 0
configure:4459: result: yes
configure:4459: checking for inttypes.h
configure:4459: gcc -c -O2  conftest.c >&5
configure:4459: $? = 0
configure:4459: result: yes
configure:4459: checking for stdint.h
configure:4459: gcc -c -O2  conftest.c >&5
configure:4459: $? = 0
configure:4459: result: yes
configure:4459: checking for unistd.h
configure:4459: gcc -c -O2  conftest.c >&5
configure:4459: $? = 0
configure:4459: result: yes
configure:4515: checking arpa/inet.h usability
configure:4515: gcc -c -O2  conftest.c >&5
configure:4515: $? = 0
configure:4515: result: yes
configure:4515: checking arpa/inet.h presence
configure:4515: gcc -E  conftest.c
configure:4515: $? = 0
configure:4515: result: yes
configure:4515: checking for arpa/inet.h
configure:4515: result: yes
configure:4515: checking netinet/in.h usability
configure:4515: gcc -c -O2  conftest.c >&5
configure:4515: $? = 0
configure:4515: result: yes
configure:4515: checking netinet/in.h presence
configure:4515: gcc -E  conftest.c
configure:4515: $? = 0
configure:4515: result: yes
configure:4515: checking for netinet/in.h
configure:4515: result: yes
configure:4515: checking byteswap.h usability
configure:4515: gcc -c -O2  conftest.c >&5
configure:4515: $? = 0
configure:4515: result: yes
configure:4515: checking byteswap.h presence
configure:4515: gcc -E  conftest.c
configure:4515: $? = 0
configure:4515: result: yes
configure:4515: checking for byteswap.h
configure:4515: result: yes
configure:4525: checking whether byte ordering is bigendian
configure:4540: gcc -c -O2  conftest.c >&5
conftest.c:25:9: error: unknown type name 'not'
         not a universal capable compiler
         ^
conftest.c:25:15: error: expected '=', ',', ';', 'asm' or '__attribute__' before 'universal'
         not a universal capable compiler
               ^
conftest.c:25:15: error: unknown type name 'universal'
configure:4540: $? = 1
configure: failed program was:
| /* confdefs.h */
| #define PACKAGE_NAME ""
| #define PACKAGE_TARNAME ""
| #define PACKAGE_VERSION ""
| #define PACKAGE_STRING ""
| #define PACKAGE_BUGREPORT ""
| #define PACKAGE_URL ""
| #define PACKAGE "usrp2-firmware"
| #define VERSION "0.0svn"
| #define STDC_HEADERS 1
| #define HAVE_SYS_TYPES_H 1
| #define HAVE_SYS_STAT_H 1
| #define HAVE_STDLIB_H 1
| #define HAVE_STRING_H 1
| #define HAVE_MEMORY_H 1
| #define HAVE_STRINGS_H 1
| #define HAVE_INTTYPES_H 1
| #define HAVE_STDINT_H 1
| #define HAVE_UNISTD_H 1
| #define HAVE_ARPA_INET_H 1
| #define HAVE_NETINET_IN_H 1
| #define HAVE_BYTESWAP_H 1
| /* end confdefs.h.  */
| #ifndef __APPLE_CC__
| 	       not a universal capable compiler
| 	     #endif
| 	     typedef int dummy;
| 
configure:4585: gcc -c -O2  conftest.c >&5
configure:4585: $? = 0
configure:4603: gcc -c -O2  conftest.c >&5
conftest.c: In function 'main':
conftest.c:31:4: error: unknown type name 'not'
    not big endian
    ^
conftest.c:31:12: error: expected '=', ',', ';', 'asm' or '__attribute__' before 'endian'
    not big endian
            ^
configure:4603: $? = 1
configure: failed program was:
| /* confdefs.h */
| #define PACKAGE_NAME ""
| #define PACKAGE_TARNAME ""
| #define PACKAGE_VERSION ""
| #define PACKAGE_STRING ""
| #define PACKAGE_BUGREPORT ""
| #define PACKAGE_URL ""
| #define PACKAGE "usrp2-firmware"
| #define VERSION "0.0svn"
| #define STDC_HEADERS 1
| #define HAVE_SYS_TYPES_H 1
| #define HAVE_SYS_STAT_H 1
| #define HAVE_STDLIB_H 1
| #define HAVE_STRING_H 1
| #define HAVE_MEMORY_H 1
| #define HAVE_STRINGS_H 1
| #define HAVE_INTTYPES_H 1
| #define HAVE_STDINT_H 1
| #define HAVE_UNISTD_H 1
| #define HAVE_ARPA_INET_H 1
| #define HAVE_NETINET_IN_H 1
| #define HAVE_BYTESWAP_H 1
| /* end confdefs.h.  */
| #include <sys/types.h>
| 		#include <sys/param.h>
| 
| int
| main ()
| {
| #if BYTE_ORDER != BIG_ENDIAN
| 		 not big endian
| 		#endif
| 
|   ;
|   return 0;
| }
configure:4731: result: no
configure:4820: result: Not building component usrp2-firmware.
configure:5043: checking that generated files are newer than configure
configure:5049: result: done
configure:5081: creating ./config.status

## ---------------------- ##
## Running config.status. ##
## ---------------------- ##

This file was extended by config.status, which was
generated by GNU Autoconf 2.69.  Invocation command line was

  CONFIG_FILES    = 
  CONFIG_HEADERS  = 
  CONFIG_LINKS    = 
  CONFIG_COMMANDS = 
  $ ./config.status 

on BUZZ-04

config.status:889: creating apps/Makefile
config.status:889: creating include/Makefile
config.status:889: creating lib/Makefile
config.status:889: creating Makefile
config.status:889: creating config/Makefile
config.status:889: creating config.h
config.status:1070: config.h is unchanged
config.status:1118: executing depfiles commands

## ---------------- ##
## Cache variables. ##
## ---------------- ##

ac_cv_c_bigendian=no
ac_cv_c_compiler_gnu=yes
ac_cv_env_CCASFLAGS_set=
ac_cv_env_CCASFLAGS_value=
ac_cv_env_CCAS_set=
ac_cv_env_CCAS_value=
ac_cv_env_CC_set=
ac_cv_env_CC_value=
ac_cv_env_CFLAGS_set=set
ac_cv_env_CFLAGS_value=-O2
ac_cv_env_CPPFLAGS_set=
ac_cv_env_CPPFLAGS_value=
ac_cv_env_CPP_set=
ac_cv_env_CPP_value=
ac_cv_env_LDFLAGS_set=
ac_cv_env_LDFLAGS_value=
ac_cv_env_LIBS_set=
ac_cv_env_LIBS_value=
ac_cv_env_build_alias_set=
ac_cv_env_build_alias_value=
ac_cv_env_host_alias_set=set
ac_cv_env_host_alias_value=mb
ac_cv_env_target_alias_set=
ac_cv_env_target_alias_value=
ac_cv_header_arpa_inet_h=yes
ac_cv_header_byteswap_h=yes
ac_cv_header_inttypes_h=yes
ac_cv_header_memory_h=yes
ac_cv_header_netinet_in_h=yes
ac_cv_header_stdc=yes
ac_cv_header_stdint_h=yes
ac_cv_header_stdlib_h=yes
ac_cv_header_string_h=yes
ac_cv_header_strings_h=yes
ac_cv_header_sys_stat_h=yes
ac_cv_header_sys_types_h=yes
ac_cv_header_unistd_h=yes
ac_cv_objext=o
ac_cv_path_EGREP='/bin/grep -E'
ac_cv_path_GREP=/bin/grep
ac_cv_path_install='/usr/bin/install -c'
ac_cv_path_mkdir=/bin/mkdir
ac_cv_prog_AWK=gawk
ac_cv_prog_CPP='gcc -E'
ac_cv_prog_ac_ct_CC=gcc
ac_cv_prog_ac_ct_RANLIB=ranlib
ac_cv_prog_ac_ct_STRIP=strip
ac_cv_prog_cc_c89=
ac_cv_prog_cc_g=yes
ac_cv_prog_make_make_set=yes
am_cv_CCAS_dependencies_compiler_type=gcc3
am_cv_CC_dependencies_compiler_type=gcc3
am_cv_make_support_nested_variables=yes
am_cv_prog_cc_c_o=yes

## ----------------- ##
## Output variables. ##
## ----------------- ##

ACLOCAL='${SHELL} /home/me/gnuradio-3.4.0/usrp2/firmware/missing aclocal-1.15'
AMDEPBACKSLASH='\'
AMDEP_FALSE='#'
AMDEP_TRUE=''
AMTAR='$${TAR-tar}'
AM_BACKSLASH='\'
AM_DEFAULT_V='$(AM_DEFAULT_VERBOSITY)'
AM_DEFAULT_VERBOSITY='1'
AM_V='$(V)'
AUTOCONF='${SHELL} /home/me/gnuradio-3.4.0/usrp2/firmware/missing autoconf'
AUTOHEADER='${SHELL} /home/me/gnuradio-3.4.0/usrp2/firmware/missing autoheader'
AUTOMAKE='${SHELL} /home/me/gnuradio-3.4.0/usrp2/firmware/missing automake-1.15'
AWK='gawk'
BUILDING_USRP2_FIRMWARE_FALSE=''
BUILDING_USRP2_FIRMWARE_TRUE='#'
CC='gcc'
CCAS='gcc'
CCASDEPMODE='depmode=gcc3'
CCASFLAGS='-O2'
CCDEPMODE='depmode=gcc3'
CFLAGS='-O2'
CPP='gcc -E'
CPPFLAGS=''
CYGPATH_W='echo'
DEFS='-DHAVE_CONFIG_H'
DEPDIR='.deps'
ECHO_C=''
ECHO_N='-n'
ECHO_T=''
EGREP='/bin/grep -E'
EXEEXT=''
GREP='/bin/grep'
INSTALL_DATA='${INSTALL} -m 644'
INSTALL_PROGRAM='${INSTALL}'
INSTALL_SCRIPT='${INSTALL}'
INSTALL_STRIP_PROGRAM='$(install_sh) -c -s'
LDFLAGS=''
LIBOBJS=''
LIBS=''
LTLIBOBJS=''
MAKEINFO='${SHELL} /home/me/gnuradio-3.4.0/usrp2/firmware/missing makeinfo'
MB_GCC=''
MKDIR_P='/bin/mkdir -p'
OBJEXT='o'
PACKAGE='usrp2-firmware'
PACKAGE_BUGREPORT=''
PACKAGE_NAME=''
PACKAGE_STRING=''
PACKAGE_TARNAME=''
PACKAGE_URL=''
PACKAGE_VERSION=''
PATH_SEPARATOR=':'
RANLIB='ranlib'
SET_MAKE=''
SHELL='/bin/bash'
STRIP='strip'
VERSION='0.0svn'
abs_top_builddir=''
abs_top_srcdir=''
ac_ct_CC='gcc'
am__EXEEXT_FALSE=''
am__EXEEXT_TRUE='#'
am__fastdepCCAS_FALSE='#'
am__fastdepCCAS_TRUE=''
am__fastdepCC_FALSE='#'
am__fastdepCC_TRUE=''
am__include='include'
am__isrc=''
am__leading_dot='.'
am__nodep='_no'
am__quote=''
am__tar='$${TAR-tar} chof - "$$tardir"'
am__untar='$${TAR-tar} xf -'
bindir='${exec_prefix}/bin'
build_alias=''
build_dirs=''
datadir='${datarootdir}'
datarootdir='${prefix}/share'
docdir='${datarootdir}/doc/${PACKAGE}'
dvidir='${docdir}'
exec_prefix='${prefix}'
host_alias='mb'
htmldir='${docdir}'
includedir='${prefix}/include'
infodir='${datarootdir}/info'
install_sh='${SHELL} /home/me/gnuradio-3.4.0/usrp2/firmware/install-sh'
libdir='${exec_prefix}/lib'
libexecdir='${exec_prefix}/libexec'
localedir='${datarootdir}/locale'
localstatedir='${prefix}/var'
mandir='${datarootdir}/man'
mkdir_p='$(MKDIR_P)'
oldincludedir='/usr/include'
pdfdir='${docdir}'
prefix='/usr/local'
program_transform_name='s,x,x,'
psdir='${docdir}'
runstatedir='${localstatedir}/run'
sbindir='${exec_prefix}/sbin'
sharedstatedir='${prefix}/com'
skipped_dirs='usrp2-firmware'
sysconfdir='${prefix}/etc'
target_alias=''
usrp2_INCLUDEDIR=''
usrp2_INCLUDES=''
usrp2_LA=''
usrp2_LDFLAG=''
usrp2_LIBDIRPATH=''
usrp2_firmware_INCLUDEDIR=''
usrp2_firmware_INCLUDES=''
usrp2_firmware_LA=''
usrp2_firmware_LDFLAG=''
usrp2_firmware_LIBDIRPATH=''
with_INCLUDES=''
with_LIBDIRPATH=''
with_PYDIRPATH=''
with_SWIGDIRPATH=''
with_SWIG_INCLUDES=''
with_dirs=''

## ----------- ##
## confdefs.h. ##
## ----------- ##

/* confdefs.h */
#define PACKAGE_NAME ""
#define PACKAGE_TARNAME ""
#define PACKAGE_VERSION ""
#define PACKAGE_STRING ""
#define PACKAGE_BUGREPORT ""
#define PACKAGE_URL ""
#define PACKAGE "usrp2-firmware"
#define VERSION "0.0svn"
#define STDC_HEADERS 1
#define HAVE_SYS_TYPES_H 1
#define HAVE_SYS_STAT_H 1
#define HAVE_STDLIB_H 1
#define HAVE_STRING_H 1
#define HAVE_MEMORY_H 1
#define HAVE_STRINGS_H 1
#define HAVE_INTTYPES_H 1
#define HAVE_STDINT_H 1
#define HAVE_UNISTD_H 1
#define HAVE_ARPA_INET_H 1
#define HAVE_NETINET_IN_H 1
#define HAVE_BYTESWAP_H 1

configure: exit 0
